2014/01/25 02:37:49 [error] [php] Illegal string offset 'class' (/Users/coly/Code/git/dai800.net/protected/extensions/yii-debug-toolbar/YiiDebugToolbar.php:186)
Stack trace:
#0 /Users/coly/Code/yii-1.1.14.f0fee9/framework/base/CComponent.php(561): YiiDebugToolbarRoute->onBeginRequest()
#1 /Users/coly/Code/yii-1.1.14.f0fee9/framework/base/CApplication.php(207): CWebApplication->raiseEvent()
#2 /Users/coly/Code/yii-1.1.14.f0fee9/framework/base/CApplication.php(178): CWebApplication->onBeginRequest()
#3 /Users/coly/Code/git/dai800.net/index.php(13): CWebApplication->run()
REQUEST_URI=/git/dai800.net/
in /Users/coly/Code/git/dai800.net/protected/extensions/yii-debug-toolbar/YiiDebugToolbar.php (186)
in /Users/coly/Code/git/dai800.net/protected/extensions/yii-debug-toolbar/YiiDebugToolbar.php (127)
in /Users/coly/Code/git/dai800.net/protected/extensions/yii-debug-toolbar/YiiDebugToolbarRoute.php (145)
2014/01/25 02:38:15 [error] [php] Illegal string offset 'class' (/Users/coly/Code/git/dai800.net/protected/extensions/yii-debug-toolbar/YiiDebugToolbar.php:186)
Stack trace:
#0 /Users/coly/Code/yii-1.1.14.f0fee9/framework/base/CComponent.php(561): YiiDebugToolbarRoute->onBeginRequest()
#1 /Users/coly/Code/yii-1.1.14.f0fee9/framework/base/CApplication.php(207): CWebApplication->raiseEvent()
#2 /Users/coly/Code/yii-1.1.14.f0fee9/framework/base/CApplication.php(178): CWebApplication->onBeginRequest()
#3 /Users/coly/Code/git/dai800.net/index.php(13): CWebApplication->run()
REQUEST_URI=/git/dai800.net/
in /Users/coly/Code/git/dai800.net/protected/extensions/yii-debug-toolbar/YiiDebugToolbar.php (186)
in /Users/coly/Code/git/dai800.net/protected/extensions/yii-debug-toolbar/YiiDebugToolbar.php (127)
in /Users/coly/Code/git/dai800.net/protected/extensions/yii-debug-toolbar/YiiDebugToolbarRoute.php (145)
2014/01/25 02:38:16 [error] [php] Illegal string offset 'class' (/Users/coly/Code/git/dai800.net/protected/extensions/yii-debug-toolbar/YiiDebugToolbar.php:186)
Stack trace:
#0 /Users/coly/Code/yii-1.1.14.f0fee9/framework/base/CComponent.php(561): YiiDebugToolbarRoute->onBeginRequest()
#1 /Users/coly/Code/yii-1.1.14.f0fee9/framework/base/CApplication.php(207): CWebApplication->raiseEvent()
#2 /Users/coly/Code/yii-1.1.14.f0fee9/framework/base/CApplication.php(178): CWebApplication->onBeginRequest()
#3 /Users/coly/Code/git/dai800.net/index.php(13): CWebApplication->run()
REQUEST_URI=/git/dai800.net/
in /Users/coly/Code/git/dai800.net/protected/extensions/yii-debug-toolbar/YiiDebugToolbar.php (186)
in /Users/coly/Code/git/dai800.net/protected/extensions/yii-debug-toolbar/YiiDebugToolbar.php (127)
in /Users/coly/Code/git/dai800.net/protected/extensions/yii-debug-toolbar/YiiDebugToolbarRoute.php (145)
2014/01/25 02:38:55 [error] [php] Illegal string offset 'class' (/Users/coly/Code/git/dai800.net/protected/extensions/yii-debug-toolbar/YiiDebugToolbar.php:186)
Stack trace:
#0 /Users/coly/Code/yii-1.1.14.f0fee9/framework/base/CComponent.php(561): YiiDebugToolbarRoute->onBeginRequest()
#1 /Users/coly/Code/yii-1.1.14.f0fee9/framework/base/CApplication.php(207): CWebApplication->raiseEvent()
#2 /Users/coly/Code/yii-1.1.14.f0fee9/framework/base/CApplication.php(178): CWebApplication->onBeginRequest()
#3 /Users/coly/Code/git/dai800.net/index.php(13): CWebApplication->run()
REQUEST_URI=/git/dai800.net/
in /Users/coly/Code/git/dai800.net/protected/extensions/yii-debug-toolbar/YiiDebugToolbar.php (186)
in /Users/coly/Code/git/dai800.net/protected/extensions/yii-debug-toolbar/YiiDebugToolbar.php (127)
in /Users/coly/Code/git/dai800.net/protected/extensions/yii-debug-toolbar/YiiDebugToolbarRoute.php (145)
2014/01/25 02:38:57 [error] [php] Illegal string offset 'class' (/Users/coly/Code/git/dai800.net/protected/extensions/yii-debug-toolbar/YiiDebugToolbar.php:186)
Stack trace:
#0 /Users/coly/Code/yii-1.1.14.f0fee9/framework/base/CComponent.php(561): YiiDebugToolbarRoute->onBeginRequest()
#1 /Users/coly/Code/yii-1.1.14.f0fee9/framework/base/CApplication.php(207): CWebApplication->raiseEvent()
#2 /Users/coly/Code/yii-1.1.14.f0fee9/framework/base/CApplication.php(178): CWebApplication->onBeginRequest()
#3 /Users/coly/Code/git/dai800.net/index.php(13): CWebApplication->run()
REQUEST_URI=/git/dai800.net/
in /Users/coly/Code/git/dai800.net/protected/extensions/yii-debug-toolbar/YiiDebugToolbar.php (186)
in /Users/coly/Code/git/dai800.net/protected/extensions/yii-debug-toolbar/YiiDebugToolbar.php (127)
in /Users/coly/Code/git/dai800.net/protected/extensions/yii-debug-toolbar/YiiDebugToolbarRoute.php (145)
2014/01/25 03:26:53 [error] [exception.CException] exception 'CException' with message 'Alias "bootstrap.widgets.TbCKEditor" is invalid. Make sure it points to an existing directory or file.' in /Users/coly/Code/yii-1.1.14.f0fee9/framework/YiiBase.php:347
Stack trace:
#0 /Users/coly/Code/yii-1.1.14.f0fee9/framework/web/CWidgetFactory.php(146): YiiBase::import('bootstrap.widge...', true)
#1 /Users/coly/Code/yii-1.1.14.f0fee9/framework/web/CBaseController.php(146): CWidgetFactory->createWidget(Object(SiteController), 'bootstrap.widge...', Array)
#2 /Users/coly/Code/yii-1.1.14.f0fee9/framework/web/CBaseController.php(172): CBaseController->createWidget('bootstrap.widge...', Array)
#3 /Users/coly/Code/git/dai800.net/protected/views/site/contact.php(66): CBaseController->widget('bootstrap.widge...', Array)
#4 /Users/coly/Code/yii-1.1.14.f0fee9/framework/web/CBaseController.php(126): require('/Users/coly/Cod...')
#5 /Users/coly/Code/git/dai800.net/protected/extensions/yii-debug-toolbar/components/YiiDebugViewRenderer.php(43): CBaseController->renderInternal('/Users/coly/Cod...', Array, true)
#6 /Users/coly/Code/yii-1.1.14.f0fee9/framework/web/CBaseController.php(93): YiiDebugViewRenderer->renderFile(Object(SiteController), '/Users/coly/Cod...', Array, true)
#7 /Users/coly/Code/yii-1.1.14.f0fee9/framework/web/CController.php(869): CBaseController->renderFile('/Users/coly/Cod...', Array, true)
#8 /Users/coly/Code/yii-1.1.14.f0fee9/framework/web/CController.php(782): CController->renderPartial('contact', Array, true)
#9 /Users/coly/Code/git/dai800.net/protected/controllers/SiteController.php(72): CController->render('contact', Array)
#10 /Users/coly/Code/yii-1.1.14.f0fee9/framework/web/actions/CInlineAction.php(49): SiteController->actionContact()
#11 /Users/coly/Code/yii-1.1.14.f0fee9/framework/web/CController.php(308): CInlineAction->runWithParams(Array)
#12 /Users/coly/Code/yii-1.1.14.f0fee9/framework/web/CController.php(286): CController->runAction(Object(CInlineAction))
#13 /Users/coly/Code/yii-1.1.14.f0fee9/framework/web/CController.php(265): CController->runActionWithFilters(Object(CInlineAction), Array)
#14 /Users/coly/Code/yii-1.1.14.f0fee9/framework/web/CWebApplication.php(282): CController->run('contact')
#15 /Users/coly/Code/yii-1.1.14.f0fee9/framework/web/CWebApplication.php(141): CWebApplication->runController('site/contact')
#16 /Users/coly/Code/yii-1.1.14.f0fee9/framework/base/CApplication.php(180): CWebApplication->processRequest()
#17 /Users/coly/Code/git/dai800.net/index.php(13): CApplication->run()
#18 {main}
REQUEST_URI=/git/dai800.net/index.php?r=site/contact
HTTP_REFERER=http://127.0.0.1:1000/git/dai800.net/
---
2014/01/25 03:27:24 [error] [exception.CException] exception 'CException' with message 'Alias "bootstrap.widgets.TbCKEditor" is invalid. Make sure it points to an existing directory or file.' in /Users/coly/Code/yii-1.1.14.f0fee9/framework/YiiBase.php:347
Stack trace:
#0 /Users/coly/Code/yii-1.1.14.f0fee9/framework/web/CWidgetFactory.php(146): YiiBase::import('bootstrap.widge...', true)
#1 /Users/coly/Code/yii-1.1.14.f0fee9/framework/web/CBaseController.php(146): CWidgetFactory->createWidget(Object(SiteController), 'bootstrap.widge...', Array)
#2 /Users/coly/Code/yii-1.1.14.f0fee9/framework/web/CBaseController.php(172): CBaseController->createWidget('bootstrap.widge...', Array)
#3 /Users/coly/Code/git/dai800.net/protected/views/site/contact.php(66): CBaseController->widget('bootstrap.widge...', Array)
#4 /Users/coly/Code/yii-1.1.14.f0fee9/framework/web/CBaseController.php(126): require('/Users/coly/Cod...')
#5 /Users/coly/Code/git/dai800.net/protected/extensions/yii-debug-toolbar/components/YiiDebugViewRenderer.php(43): CBaseController->renderInternal('/Users/coly/Cod...', Array, true)
#6 /Users/coly/Code/yii-1.1.14.f0fee9/framework/web/CBaseController.php(93): YiiDebugViewRenderer->renderFile(Object(SiteController), '/Users/coly/Cod...', Array, true)
#7 /Users/coly/Code/yii-1.1.14.f0fee9/framework/web/CController.php(869): CBaseController->renderFile('/Users/coly/Cod...', Array, true)
#8 /Users/coly/Code/yii-1.1.14.f0fee9/framework/web/CController.php(782): CController->renderPartial('contact', Array, true)
#9 /Users/coly/Code/git/dai800.net/protected/controllers/SiteController.php(72): CController->render('contact', Array)
#10 /Users/coly/Code/yii-1.1.14.f0fee9/framework/web/actions/CInlineAction.php(49): SiteController->actionContact()
#11 /Users/coly/Code/yii-1.1.14.f0fee9/framework/web/CController.php(308): CInlineAction->runWithParams(Array)
#12 /Users/coly/Code/yii-1.1.14.f0fee9/framework/web/CController.php(286): CController->runAction(Object(CInlineAction))
#13 /Users/coly/Code/yii-1.1.14.f0fee9/framework/web/CController.php(265): CController->runActionWithFilters(Object(CInlineAction), Array)
#14 /Users/coly/Code/yii-1.1.14.f0fee9/framework/web/CWebApplication.php(282): CController->run('contact')
#15 /Users/coly/Code/yii-1.1.14.f0fee9/framework/web/CWebApplication.php(141): CWebApplication->runController('site/contact')
#16 /Users/coly/Code/yii-1.1.14.f0fee9/framework/base/CApplication.php(180): CWebApplication->processRequest()
#17 /Users/coly/Code/git/dai800.net/index.php(13): CApplication->run()
#18 {main}
REQUEST_URI=/git/dai800.net/index.php?r=site/contact
HTTP_REFERER=http://127.0.0.1:1000/git/dai800.net/
---
2014/01/25 03:27:24 [error] [exception.CException] exception 'CException' with message 'Alias "bootstrap.widgets.TbCKEditor" is invalid. Make sure it points to an existing directory or file.' in /Users/coly/Code/yii-1.1.14.f0fee9/framework/YiiBase.php:347
Stack trace:
#0 /Users/coly/Code/yii-1.1.14.f0fee9/framework/web/CWidgetFactory.php(146): YiiBase::import('bootstrap.widge...', true)
#1 /Users/coly/Code/yii-1.1.14.f0fee9/framework/web/CBaseController.php(146): CWidgetFactory->createWidget(Object(SiteController), 'bootstrap.widge...', Array)
#2 /Users/coly/Code/yii-1.1.14.f0fee9/framework/web/CBaseController.php(172): CBaseController->createWidget('bootstrap.widge...', Array)
#3 /Users/coly/Code/git/dai800.net/protected/views/site/contact.php(66): CBaseController->widget('bootstrap.widge...', Array)
#4 /Users/coly/Code/yii-1.1.14.f0fee9/framework/web/CBaseController.php(126): require('/Users/coly/Cod...')
#5 /Users/coly/Code/git/dai800.net/protected/extensions/yii-debug-toolbar/components/YiiDebugViewRenderer.php(43): CBaseController->renderInternal('/Users/coly/Cod...', Array, true)
#6 /Users/coly/Code/yii-1.1.14.f0fee9/framework/web/CBaseController.php(93): YiiDebugViewRenderer->renderFile(Object(SiteController), '/Users/coly/Cod...', Array, true)
#7 /Users/coly/Code/yii-1.1.14.f0fee9/framework/web/CController.php(869): CBaseController->renderFile('/Users/coly/Cod...', Array, true)
#8 /Users/coly/Code/yii-1.1.14.f0fee9/framework/web/CController.php(782): CController->renderPartial('contact', Array, true)
#9 /Users/coly/Code/git/dai800.net/protected/controllers/SiteController.php(72): CController->render('contact', Array)
#10 /Users/coly/Code/yii-1.1.14.f0fee9/framework/web/actions/CInlineAction.php(49): SiteController->actionContact()
#11 /Users/coly/Code/yii-1.1.14.f0fee9/framework/web/CController.php(308): CInlineAction->runWithParams(Array)
#12 /Users/coly/Code/yii-1.1.14.f0fee9/framework/web/CController.php(286): CController->runAction(Object(CInlineAction))
#13 /Users/coly/Code/yii-1.1.14.f0fee9/framework/web/CController.php(265): CController->runActionWithFilters(Object(CInlineAction), Array)
#14 /Users/coly/Code/yii-1.1.14.f0fee9/framework/web/CWebApplication.php(282): CController->run('contact')
#15 /Users/coly/Code/yii-1.1.14.f0fee9/framework/web/CWebApplication.php(141): CWebApplication->runController('site/contact')
#16 /Users/coly/Code/yii-1.1.14.f0fee9/framework/base/CApplication.php(180): CWebApplication->processRequest()
#17 /Users/coly/Code/git/dai800.net/index.php(13): CApplication->run()
#18 {main}
REQUEST_URI=/git/dai800.net/index.php?r=site/contact
HTTP_REFERER=http://127.0.0.1:1000/git/dai800.net/
---
2014/01/25 03:27:25 [error] [exception.CException] exception 'CException' with message 'Alias "bootstrap.widgets.TbCKEditor" is invalid. Make sure it points to an existing directory or file.' in /Users/coly/Code/yii-1.1.14.f0fee9/framework/YiiBase.php:347
Stack trace:
#0 /Users/coly/Code/yii-1.1.14.f0fee9/framework/web/CWidgetFactory.php(146): YiiBase::import('bootstrap.widge...', true)
#1 /Users/coly/Code/yii-1.1.14.f0fee9/framework/web/CBaseController.php(146): CWidgetFactory->createWidget(Object(SiteController), 'bootstrap.widge...', Array)
#2 /Users/coly/Code/yii-1.1.14.f0fee9/framework/web/CBaseController.php(172): CBaseController->createWidget('bootstrap.widge...', Array)
#3 /Users/coly/Code/git/dai800.net/protected/views/site/contact.php(66): CBaseController->widget('bootstrap.widge...', Array)
#4 /Users/coly/Code/yii-1.1.14.f0fee9/framework/web/CBaseController.php(126): require('/Users/coly/Cod...')
#5 /Users/coly/Code/git/dai800.net/protected/extensions/yii-debug-toolbar/components/YiiDebugViewRenderer.php(43): CBaseController->renderInternal('/Users/coly/Cod...', Array, true)
#6 /Users/coly/Code/yii-1.1.14.f0fee9/framework/web/CBaseController.php(93): YiiDebugViewRenderer->renderFile(Object(SiteController), '/Users/coly/Cod...', Array, true)
#7 /Users/coly/Code/yii-1.1.14.f0fee9/framework/web/CController.php(869): CBaseController->renderFile('/Users/coly/Cod...', Array, true)
#8 /Users/coly/Code/yii-1.1.14.f0fee9/framework/web/CController.php(782): CController->renderPartial('contact', Array, true)
#9 /Users/coly/Code/git/dai800.net/protected/controllers/SiteController.php(72): CController->render('contact', Array)
#10 /Users/coly/Code/yii-1.1.14.f0fee9/framework/web/actions/CInlineAction.php(49): SiteController->actionContact()
#11 /Users/coly/Code/yii-1.1.14.f0fee9/framework/web/CController.php(308): CInlineAction->runWithParams(Array)
#12 /Users/coly/Code/yii-1.1.14.f0fee9/framework/web/CController.php(286): CController->runAction(Object(CInlineAction))
#13 /Users/coly/Code/yii-1.1.14.f0fee9/framework/web/CController.php(265): CController->runActionWithFilters(Object(CInlineAction), Array)
#14 /Users/coly/Code/yii-1.1.14.f0fee9/framework/web/CWebApplication.php(282): CController->run('contact')
#15 /Users/coly/Code/yii-1.1.14.f0fee9/framework/web/CWebApplication.php(141): CWebApplication->runController('site/contact')
#16 /Users/coly/Code/yii-1.1.14.f0fee9/framework/base/CApplication.php(180): CWebApplication->processRequest()
#17 /Users/coly/Code/git/dai800.net/index.php(13): CApplication->run()
#18 {main}
REQUEST_URI=/git/dai800.net/index.php?r=site/contact
HTTP_REFERER=http://127.0.0.1:1000/git/dai800.net/
---
2014/01/25 03:30:19 [error] [exception.CException] exception 'CException' with message 'Alias "bootstrap.widgets.TbCKEditor" is invalid. Make sure it points to an existing directory or file.' in /Users/coly/Code/yii-1.1.14.f0fee9/framework/YiiBase.php:347
Stack trace:
#0 /Users/coly/Code/yii-1.1.14.f0fee9/framework/web/CWidgetFactory.php(146): YiiBase::import('bootstrap.widge...', true)
#1 /Users/coly/Code/yii-1.1.14.f0fee9/framework/web/CBaseController.php(146): CWidgetFactory->createWidget(Object(SiteController), 'bootstrap.widge...', Array)
#2 /Users/coly/Code/yii-1.1.14.f0fee9/framework/web/CBaseController.php(172): CBaseController->createWidget('bootstrap.widge...', Array)
#3 /Users/coly/Code/git/dai800.net/protected/views/site/contact.php(66): CBaseController->widget('bootstrap.widge...', Array)
#4 /Users/coly/Code/yii-1.1.14.f0fee9/framework/web/CBaseController.php(126): require('/Users/coly/Cod...')
#5 /Users/coly/Code/git/dai800.net/protected/extensions/yii-debug-toolbar/components/YiiDebugViewRenderer.php(43): CBaseController->renderInternal('/Users/coly/Cod...', Array, true)
#6 /Users/coly/Code/yii-1.1.14.f0fee9/framework/web/CBaseController.php(93): YiiDebugViewRenderer->renderFile(Object(SiteController), '/Users/coly/Cod...', Array, true)
#7 /Users/coly/Code/yii-1.1.14.f0fee9/framework/web/CController.php(869): CBaseController->renderFile('/Users/coly/Cod...', Array, true)
#8 /Users/coly/Code/yii-1.1.14.f0fee9/framework/web/CController.php(782): CController->renderPartial('contact', Array, true)
#9 /Users/coly/Code/git/dai800.net/protected/controllers/SiteController.php(72): CController->render('contact', Array)
#10 /Users/coly/Code/yii-1.1.14.f0fee9/framework/web/actions/CInlineAction.php(49): SiteController->actionContact()
#11 /Users/coly/Code/yii-1.1.14.f0fee9/framework/web/CController.php(308): CInlineAction->runWithParams(Array)
#12 /Users/coly/Code/yii-1.1.14.f0fee9/framework/web/CController.php(286): CController->runAction(Object(CInlineAction))
#13 /Users/coly/Code/yii-1.1.14.f0fee9/framework/web/CController.php(265): CController->runActionWithFilters(Object(CInlineAction), Array)
#14 /Users/coly/Code/yii-1.1.14.f0fee9/framework/web/CWebApplication.php(282): CController->run('contact')
#15 /Users/coly/Code/yii-1.1.14.f0fee9/framework/web/CWebApplication.php(141): CWebApplication->runController('site/contact')
#16 /Users/coly/Code/yii-1.1.14.f0fee9/framework/base/CApplication.php(180): CWebApplication->processRequest()
#17 /Users/coly/Code/git/dai800.net/index.php(13): CApplication->run()
#18 {main}
REQUEST_URI=/git/dai800.net/index.php?r=site/contact
HTTP_REFERER=http://127.0.0.1:1000/git/dai800.net/
---
2014/01/25 03:32:23 [error] [exception.CException] exception 'CException' with message 'Alias "bootstrap.widgets.TbCKEditor" is invalid. Make sure it points to an existing directory or file.' in /Users/coly/Code/yii-1.1.14.f0fee9/framework/YiiBase.php:347
Stack trace:
#0 /Users/coly/Code/yii-1.1.14.f0fee9/framework/web/CWidgetFactory.php(146): YiiBase::import('bootstrap.widge...', true)
#1 /Users/coly/Code/yii-1.1.14.f0fee9/framework/web/CBaseController.php(146): CWidgetFactory->createWidget(Object(SiteController), 'bootstrap.widge...', Array)
#2 /Users/coly/Code/yii-1.1.14.f0fee9/framework/web/CBaseController.php(172): CBaseController->createWidget('bootstrap.widge...', Array)
#3 /Users/coly/Code/git/dai800.net/protected/views/site/contact.php(66): CBaseController->widget('bootstrap.widge...', Array)
#4 /Users/coly/Code/yii-1.1.14.f0fee9/framework/web/CBaseController.php(126): require('/Users/coly/Cod...')
#5 /Users/coly/Code/git/dai800.net/protected/extensions/yii-debug-toolbar/components/YiiDebugViewRenderer.php(43): CBaseController->renderInternal('/Users/coly/Cod...', Array, true)
#6 /Users/coly/Code/yii-1.1.14.f0fee9/framework/web/CBaseController.php(93): YiiDebugViewRenderer->renderFile(Object(SiteController), '/Users/coly/Cod...', Array, true)
#7 /Users/coly/Code/yii-1.1.14.f0fee9/framework/web/CController.php(869): CBaseController->renderFile('/Users/coly/Cod...', Array, true)
#8 /Users/coly/Code/yii-1.1.14.f0fee9/framework/web/CController.php(782): CController->renderPartial('contact', Array, true)
#9 /Users/coly/Code/git/dai800.net/protected/controllers/SiteController.php(72): CController->render('contact', Array)
#10 /Users/coly/Code/yii-1.1.14.f0fee9/framework/web/actions/CInlineAction.php(49): SiteController->actionContact()
#11 /Users/coly/Code/yii-1.1.14.f0fee9/framework/web/CController.php(308): CInlineAction->runWithParams(Array)
#12 /Users/coly/Code/yii-1.1.14.f0fee9/framework/web/CController.php(286): CController->runAction(Object(CInlineAction))
#13 /Users/coly/Code/yii-1.1.14.f0fee9/framework/web/CController.php(265): CController->runActionWithFilters(Object(CInlineAction), Array)
#14 /Users/coly/Code/yii-1.1.14.f0fee9/framework/web/CWebApplication.php(282): CController->run('contact')
#15 /Users/coly/Code/yii-1.1.14.f0fee9/framework/web/CWebApplication.php(141): CWebApplication->runController('site/contact')
#16 /Users/coly/Code/yii-1.1.14.f0fee9/framework/base/CApplication.php(180): CWebApplication->processRequest()
#17 /Users/coly/Code/git/dai800.net/index.php(13): CApplication->run()
#18 {main}
REQUEST_URI=/git/dai800.net/index.php?r=site/contact
HTTP_REFERER=http://127.0.0.1:1000/git/dai800.net/
---
2014/01/25 03:32:38 [error] [exception.CException] exception 'CException' with message 'Alias "bootstrap.widgets.TbCKEditor" is invalid. Make sure it points to an existing directory or file.' in /Users/coly/Code/yii-1.1.14.f0fee9/framework/YiiBase.php:347
Stack trace:
#0 /Users/coly/Code/yii-1.1.14.f0fee9/framework/web/CWidgetFactory.php(146): YiiBase::import('bootstrap.widge...', true)
#1 /Users/coly/Code/yii-1.1.14.f0fee9/framework/web/CBaseController.php(146): CWidgetFactory->createWidget(Object(SiteController), 'bootstrap.widge...', Array)
#2 /Users/coly/Code/yii-1.1.14.f0fee9/framework/web/CBaseController.php(172): CBaseController->createWidget('bootstrap.widge...', Array)
#3 /Users/coly/Code/git/dai800.net/protected/views/site/contact.php(66): CBaseController->widget('bootstrap.widge...', Array)
#4 /Users/coly/Code/yii-1.1.14.f0fee9/framework/web/CBaseController.php(126): require('/Users/coly/Cod...')
#5 /Users/coly/Code/git/dai800.net/protected/extensions/yii-debug-toolbar/components/YiiDebugViewRenderer.php(43): CBaseController->renderInternal('/Users/coly/Cod...', Array, true)
#6 /Users/coly/Code/yii-1.1.14.f0fee9/framework/web/CBaseController.php(93): YiiDebugViewRenderer->renderFile(Object(SiteController), '/Users/coly/Cod...', Array, true)
#7 /Users/coly/Code/yii-1.1.14.f0fee9/framework/web/CController.php(869): CBaseController->renderFile('/Users/coly/Cod...', Array, true)
#8 /Users/coly/Code/yii-1.1.14.f0fee9/framework/web/CController.php(782): CController->renderPartial('contact', Array, true)
#9 /Users/coly/Code/git/dai800.net/protected/controllers/SiteController.php(72): CController->render('contact', Array)
#10 /Users/coly/Code/yii-1.1.14.f0fee9/framework/web/actions/CInlineAction.php(49): SiteController->actionContact()
#11 /Users/coly/Code/yii-1.1.14.f0fee9/framework/web/CController.php(308): CInlineAction->runWithParams(Array)
#12 /Users/coly/Code/yii-1.1.14.f0fee9/framework/web/CController.php(286): CController->runAction(Object(CInlineAction))
#13 /Users/coly/Code/yii-1.1.14.f0fee9/framework/web/CController.php(265): CController->runActionWithFilters(Object(CInlineAction), Array)
#14 /Users/coly/Code/yii-1.1.14.f0fee9/framework/web/CWebApplication.php(282): CController->run('contact')
#15 /Users/coly/Code/yii-1.1.14.f0fee9/framework/web/CWebApplication.php(141): CWebApplication->runController('site/contact')
#16 /Users/coly/Code/yii-1.1.14.f0fee9/framework/base/CApplication.php(180): CWebApplication->processRequest()
#17 /Users/coly/Code/git/dai800.net/index.php(13): CApplication->run()
#18 {main}
REQUEST_URI=/git/dai800.net/index.php?r=site/contact
HTTP_REFERER=http://127.0.0.1:1000/git/dai800.net/
---
2014/01/25 03:34:23 [error] [exception.CException] exception 'CException' with message 'Alias "bootstrap.widgets.TbCKEditor" is invalid. Make sure it points to an existing directory or file.' in /Users/coly/Code/yii-1.1.14.f0fee9/framework/YiiBase.php:347
Stack trace:
#0 /Users/coly/Code/yii-1.1.14.f0fee9/framework/web/CWidgetFactory.php(146): YiiBase::import('bootstrap.widge...', true)
#1 /Users/coly/Code/yii-1.1.14.f0fee9/framework/web/CBaseController.php(146): CWidgetFactory->createWidget(Object(SiteController), 'bootstrap.widge...', Array)
#2 /Users/coly/Code/yii-1.1.14.f0fee9/framework/web/CBaseController.php(172): CBaseController->createWidget('bootstrap.widge...', Array)
#3 /Users/coly/Code/git/dai800.net/protected/views/site/contact.php(66): CBaseController->widget('bootstrap.widge...', Array)
#4 /Users/coly/Code/yii-1.1.14.f0fee9/framework/web/CBaseController.php(126): require('/Users/coly/Cod...')
#5 /Users/coly/Code/git/dai800.net/protected/extensions/yii-debug-toolbar/components/YiiDebugViewRenderer.php(43): CBaseController->renderInternal('/Users/coly/Cod...', Array, true)
#6 /Users/coly/Code/yii-1.1.14.f0fee9/framework/web/CBaseController.php(93): YiiDebugViewRenderer->renderFile(Object(SiteController), '/Users/coly/Cod...', Array, true)
#7 /Users/coly/Code/yii-1.1.14.f0fee9/framework/web/CController.php(869): CBaseController->renderFile('/Users/coly/Cod...', Array, true)
#8 /Users/coly/Code/yii-1.1.14.f0fee9/framework/web/CController.php(782): CController->renderPartial('contact', Array, true)
#9 /Users/coly/Code/git/dai800.net/protected/controllers/SiteController.php(72): CController->render('contact', Array)
#10 /Users/coly/Code/yii-1.1.14.f0fee9/framework/web/actions/CInlineAction.php(49): SiteController->actionContact()
#11 /Users/coly/Code/yii-1.1.14.f0fee9/framework/web/CController.php(308): CInlineAction->runWithParams(Array)
#12 /Users/coly/Code/yii-1.1.14.f0fee9/framework/web/CController.php(286): CController->runAction(Object(CInlineAction))
#13 /Users/coly/Code/yii-1.1.14.f0fee9/framework/web/CController.php(265): CController->runActionWithFilters(Object(CInlineAction), Array)
#14 /Users/coly/Code/yii-1.1.14.f0fee9/framework/web/CWebApplication.php(282): CController->run('contact')
#15 /Users/coly/Code/yii-1.1.14.f0fee9/framework/web/CWebApplication.php(141): CWebApplication->runController('site/contact')
#16 /Users/coly/Code/yii-1.1.14.f0fee9/framework/base/CApplication.php(180): CWebApplication->processRequest()
#17 /Users/coly/Code/git/dai800.net/index.php(13): CApplication->run()
#18 {main}
REQUEST_URI=/git/dai800.net/index.php?r=site/contact
HTTP_REFERER=http://127.0.0.1:1000/git/dai800.net/
---
2014/01/25 03:34:26 [error] [exception.CException] exception 'CException' with message 'Alias "bootstrap.widgets.TbCKEditor" is invalid. Make sure it points to an existing directory or file.' in /Users/coly/Code/yii-1.1.14.f0fee9/framework/YiiBase.php:347
Stack trace:
#0 /Users/coly/Code/yii-1.1.14.f0fee9/framework/web/CWidgetFactory.php(146): YiiBase::import('bootstrap.widge...', true)
#1 /Users/coly/Code/yii-1.1.14.f0fee9/framework/web/CBaseController.php(146): CWidgetFactory->createWidget(Object(SiteController), 'bootstrap.widge...', Array)
#2 /Users/coly/Code/yii-1.1.14.f0fee9/framework/web/CBaseController.php(172): CBaseController->createWidget('bootstrap.widge...', Array)
#3 /Users/coly/Code/git/dai800.net/protected/views/site/contact.php(66): CBaseController->widget('bootstrap.widge...', Array)
#4 /Users/coly/Code/yii-1.1.14.f0fee9/framework/web/CBaseController.php(126): require('/Users/coly/Cod...')
#5 /Users/coly/Code/git/dai800.net/protected/extensions/yii-debug-toolbar/components/YiiDebugViewRenderer.php(43): CBaseController->renderInternal('/Users/coly/Cod...', Array, true)
#6 /Users/coly/Code/yii-1.1.14.f0fee9/framework/web/CBaseController.php(93): YiiDebugViewRenderer->renderFile(Object(SiteController), '/Users/coly/Cod...', Array, true)
#7 /Users/coly/Code/yii-1.1.14.f0fee9/framework/web/CController.php(869): CBaseController->renderFile('/Users/coly/Cod...', Array, true)
#8 /Users/coly/Code/yii-1.1.14.f0fee9/framework/web/CController.php(782): CController->renderPartial('contact', Array, true)
#9 /Users/coly/Code/git/dai800.net/protected/controllers/SiteController.php(72): CController->render('contact', Array)
#10 /Users/coly/Code/yii-1.1.14.f0fee9/framework/web/actions/CInlineAction.php(49): SiteController->actionContact()
#11 /Users/coly/Code/yii-1.1.14.f0fee9/framework/web/CController.php(308): CInlineAction->runWithParams(Array)
#12 /Users/coly/Code/yii-1.1.14.f0fee9/framework/web/CController.php(286): CController->runAction(Object(CInlineAction))
#13 /Users/coly/Code/yii-1.1.14.f0fee9/framework/web/CController.php(265): CController->runActionWithFilters(Object(CInlineAction), Array)
#14 /Users/coly/Code/yii-1.1.14.f0fee9/framework/web/CWebApplication.php(282): CController->run('contact')
#15 /Users/coly/Code/yii-1.1.14.f0fee9/framework/web/CWebApplication.php(141): CWebApplication->runController('site/contact')
#16 /Users/coly/Code/yii-1.1.14.f0fee9/framework/base/CApplication.php(180): CWebApplication->processRequest()
#17 /Users/coly/Code/git/dai800.net/index.php(13): CApplication->run()
#18 {main}
REQUEST_URI=/git/dai800.net/index.php?r=site/contact
HTTP_REFERER=http://127.0.0.1:1000/git/dai800.net/
---
